# JRE version: OpenJDK Runtime Environment Temurin-17.0.7+7 (17.0.7+7) (build 17.0.7+7)
# Java VM: OpenJDK 64-Bit Server VM Temurin-17.0.7+7 (17.0.7+7, mixed mode, emulated-client, tiered, compressed oops, compressed class ptrs, g1 gc, windows-amd64)
GC Precious Log:
 CPUs: 4 total, 4 available
 Memory: 16260M
 Large Page Support: Disabled
 NUMA Support: Disabled
 Compressed Oops: Enabled (32-bit)
 Heap Region Size: 1M
 Heap Min Capacity: 8M
 Heap Initial Capacity: 256M
 Heap Max Capacity: 1G
 Pre-touch: Disabled
 Parallel Workers: 4
 Concurrent Workers: 1
 Concurrent Refinement Workers: 4
 Periodic GC: Disabled
Heap:
 garbage-first heap   total 116736K, used 34616K [0x00000000c0000000, 0x0000000100000000)
  region size 1024K, 1 young (1024K), 0 survivors (0K)
 Metaspace       used 56529K, committed 57280K, reserved 1114112K
  class space    used 8038K, committed 8320K, reserved 1048576K
GC Heap History (20 events):
Event: 17751.562 GC heap before
{Heap before GC invocations=816 (full 717):
 garbage-first heap   total 116736K, used 34616K [0x00000000c0000000, 0x0000000100000000)
  region size 1024K, 1 young (1024K), 0 survivors (0K)
 Metaspace       used 56529K, committed 57280K, reserved 1114112K
  class space    used 8038K, committed 8320K, reserved 1048576K
}
Event: 17751.626 GC heap after
{Heap after GC invocations=817 (full 718):
 garbage-first heap   total 116736K, used 34616K [0x00000000c0000000, 0x0000000100000000)
  region size 1024K, 0 young (0K), 0 survivors (0K)
 Metaspace       used 56529K, committed 57280K, reserved 1114112K
  class space    used 8038K, committed 8320K, reserved 1048576K
}
Event: 17761.786 GC heap before
{Heap before GC invocations=817 (full 718):
 garbage-first heap   total 116736K, used 34616K [0x00000000c0000000, 0x0000000100000000)
  region size 1024K, 1 young (1024K), 0 survivors (0K)
 Metaspace       used 56529K, committed 57280K, reserved 1114112K
  class space    used 8038K, committed 8320K, reserved 1048576K
}
Event: 17761.838 GC heap after
{Heap after GC invocations=818 (full 719):
 garbage-first heap   total 116736K, used 34616K [0x00000000c0000000, 0x0000000100000000)
  region size 1024K, 0 young (0K), 0 survivors (0K)
 Metaspace       used 56529K, committed 57280K, reserved 1114112K
  class space    used 8038K, committed 8320K, reserved 1048576K
}
Event: 17771.980 GC heap before
{Heap before GC invocations=818 (full 719):
 garbage-first heap   total 116736K, used 34616K [0x00000000c0000000, 0x0000000100000000)
  region size 1024K, 1 young (1024K), 0 survivors (0K)
 Metaspace       used 56529K, committed 57280K, reserved 1114112K
  class space    used 8038K, committed 8320K, reserved 1048576K
}
Event: 17772.035 GC heap after
{Heap after GC invocations=819 (full 720):
 garbage-first heap   total 116736K, used 34616K [0x00000000c0000000, 0x0000000100000000)
  region size 1024K, 0 young (0K), 0 survivors (0K)
 Metaspace       used 56529K, committed 57280K, reserved 1114112K
  class space    used 8038K, committed 8320K, reserved 1048576K
}
Event: 17782.194 GC heap before
{Heap before GC invocations=819 (full 720):
 garbage-first heap   total 116736K, used 34616K [0x00000000c0000000, 0x0000000100000000)
  region size 1024K, 1 young (1024K), 0 survivors (0K)
 Metaspace       used 56529K, committed 57280K, reserved 1114112K
  class space    used 8038K, committed 8320K, reserved 1048576K
}
Event: 17782.248 GC heap after
{Heap after GC invocations=820 (full 721):
 garbage-first heap   total 116736K, used 34616K [0x00000000c0000000, 0x0000000100000000)
  region size 1024K, 0 young (0K), 0 survivors (0K)
 Metaspace       used 56529K, committed 57280K, reserved 1114112K
  class space    used 8038K, committed 8320K, reserved 1048576K
}
Event: 17792.401 GC heap before
{Heap before GC invocations=820 (full 721):
 garbage-first heap   total 116736K, used 34616K [0x00000000c0000000, 0x0000000100000000)
  region size 1024K, 1 young (1024K), 0 survivors (0K)
 Metaspace       used 56529K, committed 57280K, reserved 1114112K
  class space    used 8038K, committed 8320K, reserved 1048576K
}
Event: 17792.455 GC heap after
{Heap after GC invocations=821 (full 722):
 garbage-first heap   total 116736K, used 34616K [0x00000000c0000000, 0x0000000100000000)
  region size 1024K, 0 young (0K), 0 survivors (0K)
 Metaspace       used 56529K, committed 57280K, reserved 1114112K
  class space    used 8038K, committed 8320K, reserved 1048576K
}
Event: 17802.620 GC heap before
{Heap before GC invocations=821 (full 722):
 garbage-first heap   total 116736K, used 34616K [0x00000000c0000000, 0x0000000100000000)
  region size 1024K, 1 young (1024K), 0 survivors (0K)
 Metaspace       used 56529K, committed 57280K, reserved 1114112K
  class space    used 8038K, committed 8320K, reserved 1048576K
}
Event: 17802.672 GC heap after
{Heap after GC invocations=822 (full 723):
 garbage-first heap   total 116736K, used 34616K [0x00000000c0000000, 0x0000000100000000)
  region size 1024K, 0 young (0K), 0 survivors (0K)
 Metaspace       used 56529K, committed 57280K, reserved 1114112K
  class space    used 8038K, committed 8320K, reserved 1048576K
}
Event: 17813.011 GC heap before
{Heap before GC invocations=822 (full 723):
 garbage-first heap   total 116736K, used 34616K [0x00000000c0000000, 0x0000000100000000)
  region size 1024K, 1 young (1024K), 0 survivors (0K)
 Metaspace       used 56529K, committed 57280K, reserved 1114112K
  class space    used 8038K, committed 8320K, reserved 1048576K
}
Event: 17813.074 GC heap after
{Heap after GC invocations=823 (full 724):
 garbage-first heap   total 116736K, used 34616K [0x00000000c0000000, 0x0000000100000000)
  region size 1024K, 0 young (0K), 0 survivors (0K)
 Metaspace       used 56529K, committed 57280K, reserved 1114112K
  class space    used 8038K, committed 8320K, reserved 1048576K
}
Event: 17823.227 GC heap before
{Heap before GC invocations=823 (full 724):
 garbage-first heap   total 116736K, used 34616K [0x00000000c0000000, 0x0000000100000000)
  region size 1024K, 1 young (1024K), 0 survivors (0K)
 Metaspace       used 56529K, committed 57280K, reserved 1114112K
  class space    used 8038K, committed 8320K, reserved 1048576K
}
Event: 17823.282 GC heap after
{Heap after GC invocations=824 (full 725):
 garbage-first heap   total 116736K, used 34616K [0x00000000c0000000, 0x0000000100000000)
  region size 1024K, 0 young (0K), 0 survivors (0K)
 Metaspace       used 56529K, committed 57280K, reserved 1114112K
  class space    used 8038K, committed 8320K, reserved 1048576K
}
Event: 17833.425 GC heap before
{Heap before GC invocations=824 (full 725):
 garbage-first heap   total 116736K, used 34616K [0x00000000c0000000, 0x0000000100000000)
  region size 1024K, 1 young (1024K), 0 survivors (0K)
 Metaspace       used 56529K, committed 57280K, reserved 1114112K
  class space    used 8038K, committed 8320K, reserved 1048576K
}
Event: 17833.481 GC heap after
{Heap after GC invocations=825 (full 726):
 garbage-first heap   total 116736K, used 34616K [0x00000000c0000000, 0x0000000100000000)
  region size 1024K, 0 young (0K), 0 survivors (0K)
 Metaspace       used 56529K, committed 57280K, reserved 1114112K
  class space    used 8038K, committed 8320K, reserved 1048576K
}
Event: 17843.634 GC heap before
{Heap before GC invocations=825 (full 726):
 garbage-first heap   total 116736K, used 34616K [0x00000000c0000000, 0x0000000100000000)
  region size 1024K, 1 young (1024K), 0 survivors (0K)
 Metaspace       used 56529K, committed 57280K, reserved 1114112K
  class space    used 8038K, committed 8320K, reserved 1048576K
}
Event: 17843.686 GC heap after
{Heap after GC invocations=826 (full 727):
 garbage-first heap   total 116736K, used 34616K [0x00000000c0000000, 0x0000000100000000)
  region size 1024K, 0 young (0K), 0 survivors (0K)
 Metaspace       used 56529K, committed 57280K, reserved 1114112K
  class space    used 8038K, committed 8320K, reserved 1048576K
}

