# JRE version: OpenJDK Runtime Environment Temurin-17.0.7+7 (17.0.7+7) (build 17.0.7+7)
# Java VM: OpenJDK 64-Bit Server VM Temurin-17.0.7+7 (17.0.7+7, mixed mode, emulated-client, tiered, compressed oops, compressed class ptrs, g1 gc, windows-amd64)
GC Precious Log:
 CPUs: 4 total, 4 available
 Memory: 16260M
 Large Page Support: Disabled
 NUMA Support: Disabled
 Compressed Oops: Enabled (32-bit)
 Heap Region Size: 1M
 Heap Min Capacity: 8M
 Heap Initial Capacity: 256M
 Heap Max Capacity: 1G
 Pre-touch: Disabled
 Parallel Workers: 4
 Concurrent Workers: 1
 Concurrent Refinement Workers: 4
 Periodic GC: Disabled
Heap:
 garbage-first heap   total 116736K, used 34649K [0x00000000c0000000, 0x0000000100000000)
  region size 1024K, 1 young (1024K), 0 survivors (0K)
 Metaspace       used 56586K, committed 57344K, reserved 1114112K
  class space    used 8055K, committed 8320K, reserved 1048576K
GC Heap History (20 events):
Event: 28170.317 GC heap before
{Heap before GC invocations=1856 (full 1780):
 garbage-first heap   total 116736K, used 34649K [0x00000000c0000000, 0x0000000100000000)
  region size 1024K, 1 young (1024K), 0 survivors (0K)
 Metaspace       used 56586K, committed 57344K, reserved 1114112K
  class space    used 8055K, committed 8320K, reserved 1048576K
}
Event: 28170.353 GC heap after
{Heap after GC invocations=1857 (full 1781):
 garbage-first heap   total 116736K, used 34649K [0x00000000c0000000, 0x0000000100000000)
  region size 1024K, 0 young (0K), 0 survivors (0K)
 Metaspace       used 56586K, committed 57344K, reserved 1114112K
  class space    used 8055K, committed 8320K, reserved 1048576K
}
Event: 28180.520 GC heap before
{Heap before GC invocations=1857 (full 1781):
 garbage-first heap   total 116736K, used 34649K [0x00000000c0000000, 0x0000000100000000)
  region size 1024K, 1 young (1024K), 0 survivors (0K)
 Metaspace       used 56586K, committed 57344K, reserved 1114112K
  class space    used 8055K, committed 8320K, reserved 1048576K
}
Event: 28180.556 GC heap after
{Heap after GC invocations=1858 (full 1782):
 garbage-first heap   total 116736K, used 34649K [0x00000000c0000000, 0x0000000100000000)
  region size 1024K, 0 young (0K), 0 survivors (0K)
 Metaspace       used 56586K, committed 57344K, reserved 1114112K
  class space    used 8055K, committed 8320K, reserved 1048576K
}
Event: 28190.693 GC heap before
{Heap before GC invocations=1858 (full 1782):
 garbage-first heap   total 116736K, used 34649K [0x00000000c0000000, 0x0000000100000000)
  region size 1024K, 1 young (1024K), 0 survivors (0K)
 Metaspace       used 56586K, committed 57344K, reserved 1114112K
  class space    used 8055K, committed 8320K, reserved 1048576K
}
Event: 28190.730 GC heap after
{Heap after GC invocations=1859 (full 1783):
 garbage-first heap   total 116736K, used 34649K [0x00000000c0000000, 0x0000000100000000)
  region size 1024K, 0 young (0K), 0 survivors (0K)
 Metaspace       used 56586K, committed 57344K, reserved 1114112K
  class space    used 8055K, committed 8320K, reserved 1048576K
}
Event: 28200.890 GC heap before
{Heap before GC invocations=1859 (full 1783):
 garbage-first heap   total 116736K, used 34649K [0x00000000c0000000, 0x0000000100000000)
  region size 1024K, 1 young (1024K), 0 survivors (0K)
 Metaspace       used 56586K, committed 57344K, reserved 1114112K
  class space    used 8055K, committed 8320K, reserved 1048576K
}
Event: 28200.930 GC heap after
{Heap after GC invocations=1860 (full 1784):
 garbage-first heap   total 116736K, used 34649K [0x00000000c0000000, 0x0000000100000000)
  region size 1024K, 0 young (0K), 0 survivors (0K)
 Metaspace       used 56586K, committed 57344K, reserved 1114112K
  class space    used 8055K, committed 8320K, reserved 1048576K
}
Event: 28211.074 GC heap before
{Heap before GC invocations=1860 (full 1784):
 garbage-first heap   total 116736K, used 34649K [0x00000000c0000000, 0x0000000100000000)
  region size 1024K, 1 young (1024K), 0 survivors (0K)
 Metaspace       used 56586K, committed 57344K, reserved 1114112K
  class space    used 8055K, committed 8320K, reserved 1048576K
}
Event: 28211.109 GC heap after
{Heap after GC invocations=1861 (full 1785):
 garbage-first heap   total 116736K, used 34649K [0x00000000c0000000, 0x0000000100000000)
  region size 1024K, 0 young (0K), 0 survivors (0K)
 Metaspace       used 56586K, committed 57344K, reserved 1114112K
  class space    used 8055K, committed 8320K, reserved 1048576K
}
Event: 28221.262 GC heap before
{Heap before GC invocations=1861 (full 1785):
 garbage-first heap   total 116736K, used 34649K [0x00000000c0000000, 0x0000000100000000)
  region size 1024K, 1 young (1024K), 0 survivors (0K)
 Metaspace       used 56586K, committed 57344K, reserved 1114112K
  class space    used 8055K, committed 8320K, reserved 1048576K
}
Event: 28221.298 GC heap after
{Heap after GC invocations=1862 (full 1786):
 garbage-first heap   total 116736K, used 34649K [0x00000000c0000000, 0x0000000100000000)
  region size 1024K, 0 young (0K), 0 survivors (0K)
 Metaspace       used 56586K, committed 57344K, reserved 1114112K
  class space    used 8055K, committed 8320K, reserved 1048576K
}
Event: 28231.471 GC heap before
{Heap before GC invocations=1862 (full 1786):
 garbage-first heap   total 116736K, used 34649K [0x00000000c0000000, 0x0000000100000000)
  region size 1024K, 1 young (1024K), 0 survivors (0K)
 Metaspace       used 56586K, committed 57344K, reserved 1114112K
  class space    used 8055K, committed 8320K, reserved 1048576K
}
Event: 28231.507 GC heap after
{Heap after GC invocations=1863 (full 1787):
 garbage-first heap   total 116736K, used 34649K [0x00000000c0000000, 0x0000000100000000)
  region size 1024K, 0 young (0K), 0 survivors (0K)
 Metaspace       used 56586K, committed 57344K, reserved 1114112K
  class space    used 8055K, committed 8320K, reserved 1048576K
}
Event: 28241.667 GC heap before
{Heap before GC invocations=1863 (full 1787):
 garbage-first heap   total 116736K, used 34649K [0x00000000c0000000, 0x0000000100000000)
  region size 1024K, 1 young (1024K), 0 survivors (0K)
 Metaspace       used 56586K, committed 57344K, reserved 1114112K
  class space    used 8055K, committed 8320K, reserved 1048576K
}
Event: 28241.708 GC heap after
{Heap after GC invocations=1864 (full 1788):
 garbage-first heap   total 116736K, used 34649K [0x00000000c0000000, 0x0000000100000000)
  region size 1024K, 0 young (0K), 0 survivors (0K)
 Metaspace       used 56586K, committed 57344K, reserved 1114112K
  class space    used 8055K, committed 8320K, reserved 1048576K
}
Event: 28251.878 GC heap before
{Heap before GC invocations=1864 (full 1788):
 garbage-first heap   total 116736K, used 34649K [0x00000000c0000000, 0x0000000100000000)
  region size 1024K, 1 young (1024K), 0 survivors (0K)
 Metaspace       used 56586K, committed 57344K, reserved 1114112K
  class space    used 8055K, committed 8320K, reserved 1048576K
}
Event: 28251.914 GC heap after
{Heap after GC invocations=1865 (full 1789):
 garbage-first heap   total 116736K, used 34649K [0x00000000c0000000, 0x0000000100000000)
  region size 1024K, 0 young (0K), 0 survivors (0K)
 Metaspace       used 56586K, committed 57344K, reserved 1114112K
  class space    used 8055K, committed 8320K, reserved 1048576K
}
Event: 28262.073 GC heap before
{Heap before GC invocations=1865 (full 1789):
 garbage-first heap   total 116736K, used 34649K [0x00000000c0000000, 0x0000000100000000)
  region size 1024K, 1 young (1024K), 0 survivors (0K)
 Metaspace       used 56586K, committed 57344K, reserved 1114112K
  class space    used 8055K, committed 8320K, reserved 1048576K
}
Event: 28262.115 GC heap after
{Heap after GC invocations=1866 (full 1790):
 garbage-first heap   total 116736K, used 34649K [0x00000000c0000000, 0x0000000100000000)
  region size 1024K, 0 young (0K), 0 survivors (0K)
 Metaspace       used 56586K, committed 57344K, reserved 1114112K
  class space    used 8055K, committed 8320K, reserved 1048576K
}

